[debug] [2018-07-12T10:23:16.365Z] ----------------------------------------------------------------------
[debug] [2018-07-12T10:23:16.368Z] Command:       C:\Program Files\nodejs\node.exe C:\Users\felix.lennartsson\AppData\Roaming\npm\node_modules\firebase-tools\bin\firebase serve
[debug] [2018-07-12T10:23:16.368Z] CLI Version:   3.19.3
[debug] [2018-07-12T10:23:16.369Z] Platform:      win32
[debug] [2018-07-12T10:23:16.369Z] Node Version:  v8.11.3
[debug] [2018-07-12T10:23:16.372Z] Time:          Thu Jul 12 2018 12:23:16 GMT+0200 (Västeuropa, sommartid)
[debug] [2018-07-12T10:23:16.372Z] ----------------------------------------------------------------------
[debug] 
[debug] [2018-07-12T10:23:16.404Z] > command requires scopes: ["email","openid","https://www.googleapis.com/auth/cloudplatformprojects.readonly","https://www.googleapis.com/auth/firebase","https://www.googleapis.com/auth/cloud-platform"]
[debug] [2018-07-12T10:23:16.405Z] > authorizing via signed-in user
[debug] [2018-07-12T10:23:16.408Z] >>> HTTP REQUEST GET https://admin.firebase.com/v1/projects/tamoj-d8e1b  
  
 Thu Jul 12 2018 12:23:16 GMT+0200 (Västeuropa, sommartid)
[debug] [2018-07-12T10:23:17.375Z] <<< HTTP RESPONSE 200
[debug] [2018-07-12T10:23:17.376Z] >>> HTTP REQUEST GET https://admin.firebase.com/v1/database/tamoj-d8e1b/tokens  
  
 Thu Jul 12 2018 12:23:17 GMT+0200 (Västeuropa, sommartid)
[debug] [2018-07-12T10:23:18.059Z] <<< HTTP RESPONSE 200
[debug] [2018-07-12T10:23:18.060Z] >>> HTTP REQUEST GET https://cloudresourcemanager.googleapis.com/v1/projects/tamoj-d8e1b  
  
 Thu Jul 12 2018 12:23:18 GMT+0200 (Västeuropa, sommartid)
[debug] [2018-07-12T10:23:19.122Z] <<< HTTP RESPONSE 200
[info] 
[info] === Serving from 'C:\Users\felix.lennartsson\Desktop\Projects\tamoj'...
[info] 
[info] i  functions: Preparing to emulate functions.
[debug] [2018-07-12T10:23:22.344Z] Fetching environment
[debug] [2018-07-12T10:23:22.349Z] >>> HTTP REQUEST GET https://mobilesdk-pa.googleapis.com/v1/projects/337607110357:getServerAppConfig  
  
 Thu Jul 12 2018 12:23:22 GMT+0200 (Västeuropa, sommartid)
[debug] [2018-07-12T10:23:23.001Z] <<< HTTP RESPONSE 200
[debug] [2018-07-12T10:23:23.001Z] Starting @google-cloud/functions-emulator
[debug] [2018-07-12T10:23:26.557Z] Parsing function triggers
[info] +  functions: scoutnetForm: http://localhost:5000/tamoj-d8e1b/us-central1/scoutnetForm
[info] +  functions: scoutnetApi: http://localhost:5000/tamoj-d8e1b/us-central1/scoutnetApi
